<?xml version="1.0" encoding="UTF-8"?>
<coverage generated="1468321288">
  <project timestamp="1468321288">
    <package name="Nodes\Push\Tests\Providers">
      <file name="/var/www/alarmeringsapp/htdocs/vendor/nodes/push/tests/Providers/AbstractProviderTest.php">
        <class name="AbstractProviderTest" namespace="Nodes\Push\Tests\Providers">
          <metrics complexity="32" methods="31" coveredmethods="13" conditionals="0" coveredconditionals="0" statements="136" coveredstatements="118" elements="167" coveredelements="131"/>
        </class>
        <line num="14" type="method" name="getPackageProviders" visibility="protected" complexity="1" crap="1" count="32"/>
        <line num="17" type="stmt" count="32"/>
        <line num="21" type="method" name="testSetAliasError" visibility="public" complexity="1" crap="1.02" count="1"/>
        <line num="23" type="stmt" count="1"/>
        <line num="24" type="stmt" count="1"/>
        <line num="25" type="stmt" count="1"/>
        <line num="26" type="stmt" count="0"/>
        <line num="28" type="method" name="testSetAliasSuccess" visibility="public" complexity="1" crap="1" count="1"/>
        <line num="30" type="stmt" count="1"/>
        <line num="31" type="stmt" count="1"/>
        <line num="33" type="stmt" count="1"/>
        <line num="34" type="stmt" count="1"/>
        <line num="35" type="stmt" count="1"/>
        <line num="37" type="method" name="testSetAliasesFail" visibility="public" complexity="1" crap="1.02" count="1"/>
        <line num="39" type="stmt" count="1"/>
        <line num="40" type="stmt" count="1"/>
        <line num="41" type="stmt" count="1"/>
        <line num="42" type="stmt" count="0"/>
        <line num="44" type="method" name="testSetAliasesSuccess" visibility="public" complexity="1" crap="1" count="1"/>
        <line num="46" type="stmt" count="1"/>
        <line num="47" type="stmt" count="1"/>
        <line num="49" type="stmt" count="1"/>
        <line num="50" type="stmt" count="1"/>
        <line num="51" type="stmt" count="1"/>
        <line num="52" type="stmt" count="1"/>
        <line num="53" type="stmt" count="1"/>
        <line num="55" type="method" name="testIosContentAvailableError" visibility="public" complexity="1" crap="1.02" count="1"/>
        <line num="57" type="stmt" count="1"/>
        <line num="58" type="stmt" count="1"/>
        <line num="59" type="stmt" count="1"/>
        <line num="60" type="stmt" count="0"/>
        <line num="62" type="method" name="testIosContentAvailableSuccess" visibility="public" complexity="1" crap="1" count="1"/>
        <line num="64" type="stmt" count="1"/>
        <line num="65" type="stmt" count="1"/>
        <line num="67" type="stmt" count="1"/>
        <line num="69" type="stmt" count="1"/>
        <line num="70" type="stmt" count="1"/>
        <line num="71" type="stmt" count="1"/>
        <line num="73" type="method" name="testSetSoundError" visibility="public" complexity="1" crap="1.02" count="1"/>
        <line num="75" type="stmt" count="1"/>
        <line num="76" type="stmt" count="1"/>
        <line num="77" type="stmt" count="1"/>
        <line num="78" type="stmt" count="0"/>
        <line num="80" type="method" name="testRemoveSoundSuccess" visibility="public" complexity="1" crap="1" count="1"/>
        <line num="82" type="stmt" count="1"/>
        <line num="83" type="stmt" count="1"/>
        <line num="85" type="stmt" count="1"/>
        <line num="87" type="stmt" count="1"/>
        <line num="88" type="stmt" count="1"/>
        <line num="89" type="stmt" count="1"/>
        <line num="91" type="method" name="testSetSoundSuccess" visibility="public" complexity="1" crap="1" count="1"/>
        <line num="93" type="stmt" count="1"/>
        <line num="94" type="stmt" count="1"/>
        <line num="96" type="stmt" count="1"/>
        <line num="97" type="stmt" count="1"/>
        <line num="99" type="method" name="testSetIOSBadgeError1" visibility="public" complexity="1" crap="1.02" count="1"/>
        <line num="101" type="stmt" count="1"/>
        <line num="102" type="stmt" count="1"/>
        <line num="103" type="stmt" count="1"/>
        <line num="104" type="stmt" count="0"/>
        <line num="106" type="method" name="testSetIOSBadgeError2" visibility="public" complexity="1" crap="1.02" count="1"/>
        <line num="108" type="stmt" count="1"/>
        <line num="110" type="stmt" count="1"/>
        <line num="111" type="stmt" count="1"/>
        <line num="112" type="stmt" count="0"/>
        <line num="117" type="method" name="testSetIOSBadgeSuccess" visibility="public" complexity="1" crap="1" count="3"/>
        <line num="119" type="stmt" count="3"/>
        <line num="120" type="stmt" count="3"/>
        <line num="121" type="stmt" count="3"/>
        <line num="122" type="stmt" count="3"/>
        <line num="136" type="method" name="testSetExtraErrorObject" visibility="public" complexity="1" crap="1.01" count="1"/>
        <line num="138" type="stmt" count="1"/>
        <line num="139" type="stmt" count="1"/>
        <line num="142" type="stmt" count="1"/>
        <line num="146" type="stmt" count="1"/>
        <line num="147" type="stmt" count="0"/>
        <line num="149" type="method" name="testSetExtraErrorArray" visibility="public" complexity="1" crap="1.01" count="1"/>
        <line num="151" type="stmt" count="1"/>
        <line num="152" type="stmt" count="1"/>
        <line num="156" type="stmt" count="1"/>
        <line num="159" type="stmt" count="1"/>
        <line num="160" type="stmt" count="0"/>
        <line num="162" type="method" name="testSetExtra" visibility="public" complexity="1" crap="1" count="1"/>
        <line num="165" type="stmt" count="1"/>
        <line num="168" type="stmt" count="1"/>
        <line num="169" type="stmt" count="1"/>
        <line num="171" type="stmt" count="1"/>
        <line num="172" type="stmt" count="1"/>
        <line num="174" type="method" name="testSetMessageError" visibility="public" complexity="1" crap="1.02" count="1"/>
        <line num="176" type="stmt" count="1"/>
        <line num="177" type="stmt" count="1"/>
        <line num="178" type="stmt" count="1"/>
        <line num="179" type="stmt" count="0"/>
        <line num="181" type="method" name="testSetMessageSuccess" visibility="public" complexity="1" crap="1" count="1"/>
        <line num="183" type="stmt" count="1"/>
        <line num="184" type="stmt" count="1"/>
        <line num="186" type="stmt" count="1"/>
        <line num="187" type="stmt" count="1"/>
        <line num="189" type="method" name="testSetChannelError" visibility="public" complexity="1" crap="1.02" count="1"/>
        <line num="191" type="stmt" count="1"/>
        <line num="192" type="stmt" count="1"/>
        <line num="193" type="stmt" count="1"/>
        <line num="194" type="stmt" count="0"/>
        <line num="196" type="method" name="testSetChannelSuccess" visibility="public" complexity="1" crap="1" count="1"/>
        <line num="198" type="stmt" count="1"/>
        <line num="199" type="stmt" count="1"/>
        <line num="201" type="stmt" count="1"/>
        <line num="202" type="stmt" count="1"/>
        <line num="203" type="stmt" count="1"/>
        <line num="205" type="method" name="testSetChannelsFail" visibility="public" complexity="1" crap="1.02" count="1"/>
        <line num="207" type="stmt" count="1"/>
        <line num="208" type="stmt" count="1"/>
        <line num="209" type="stmt" count="1"/>
        <line num="210" type="stmt" count="0"/>
        <line num="212" type="method" name="testSetChannelsSuccess" visibility="public" complexity="1" crap="1" count="1"/>
        <line num="214" type="stmt" count="1"/>
        <line num="215" type="stmt" count="1"/>
        <line num="217" type="stmt" count="1"/>
        <line num="218" type="stmt" count="1"/>
        <line num="219" type="stmt" count="1"/>
        <line num="220" type="stmt" count="1"/>
        <line num="221" type="stmt" count="1"/>
        <line num="223" type="method" name="testSetApplicationError" visibility="public" complexity="1" crap="1.02" count="1"/>
        <line num="225" type="stmt" count="1"/>
        <line num="226" type="stmt" count="1"/>
        <line num="227" type="stmt" count="1"/>
        <line num="228" type="stmt" count="0"/>
        <line num="230" type="method" name="testSetApplicationSuccess" visibility="public" complexity="1" crap="1" count="1"/>
        <line num="232" type="stmt" count="1"/>
        <line num="233" type="stmt" count="1"/>
        <line num="234" type="stmt" count="1"/>
        <line num="235" type="stmt" count="1"/>
        <line num="236" type="stmt" count="1"/>
        <line num="238" type="method" name="testInitProvideDefaultAppGroupDoesNotExist" visibility="public" complexity="1" crap="1.02" count="1"/>
        <line num="240" type="stmt" count="1"/>
        <line num="241" type="stmt" count="1"/>
        <line num="242" type="stmt" count="1"/>
        <line num="253" type="stmt" count="0"/>
        <line num="255" type="method" name="testInitProvideAppGroupIsNotAnArray" visibility="public" complexity="1" crap="1.02" count="1"/>
        <line num="257" type="stmt" count="1"/>
        <line num="258" type="stmt" count="1"/>
        <line num="259" type="stmt" count="1"/>
        <line num="262" type="stmt" count="0"/>
        <line num="264" type="method" name="testInitProvideEmptyAppGroup" visibility="public" complexity="1" crap="1.02" count="1"/>
        <line num="266" type="stmt" count="1"/>
        <line num="267" type="stmt" count="1"/>
        <line num="268" type="stmt" count="1"/>
        <line num="270" type="stmt" count="0"/>
        <line num="272" type="method" name="testInitProviderSuccess" visibility="public" complexity="1" crap="1" count="1"/>
        <line num="274" type="stmt" count="1"/>
        <line num="275" type="stmt" count="1"/>
        <line num="276" type="stmt" count="1"/>
        <line num="278" type="method" name="testInitProvideNullDefaultAppGroup" visibility="public" complexity="1" crap="1.02" count="1"/>
        <line num="280" type="stmt" count="1"/>
        <line num="281" type="stmt" count="1"/>
        <line num="282" type="stmt" count="1"/>
        <line num="293" type="stmt" count="0"/>
        <line num="295" type="method" name="testInitProvideEmptyDefaultAppGroup" visibility="public" complexity="1" crap="1.02" count="1"/>
        <line num="297" type="stmt" count="1"/>
        <line num="298" type="stmt" count="1"/>
        <line num="307" type="stmt" count="1"/>
        <line num="309" type="stmt" count="0"/>
        <line num="311" type="method" name="testInitProvideDefaultAppGroupIsNotAString" visibility="public" complexity="1" crap="1.02" count="1"/>
        <line num="313" type="stmt" count="1"/>
        <line num="314" type="stmt" count="1"/>
        <line num="317" type="stmt" count="1"/>
        <line num="328" type="stmt" count="0"/>
        <metrics loc="330" ncloc="324" classes="1" methods="31" coveredmethods="13" conditionals="0" coveredconditionals="0" statements="136" coveredstatements="118" elements="167" coveredelements="131"/>
      </file>
      <file name="/var/www/alarmeringsapp/htdocs/vendor/nodes/push/tests/Providers/UrbanAirshipV3Test.php">
        <class name="UrbanAirshipV3Test" namespace="Nodes\Push\Tests\Providers">
          <metrics complexity="24" methods="19" coveredmethods="14" conditionals="0" coveredconditionals="0" statements="120" coveredstatements="115" elements="139" coveredelements="129"/>
        </class>
        <line num="16" type="method" name="getPackageProviders" visibility="protected" complexity="1" crap="1" count="24"/>
        <line num="19" type="stmt" count="24"/>
        <line num="23" type="method" name="testGetRequestDataIOSBadge" visibility="public" complexity="1" crap="1" count="1"/>
        <line num="25" type="stmt" count="1"/>
        <line num="27" type="stmt" count="1"/>
        <line num="28" type="stmt" count="1"/>
        <line num="29" type="stmt" count="1"/>
        <line num="30" type="stmt" count="1"/>
        <line num="39" type="stmt" count="1"/>
        <line num="41" type="method" name="testGetRequestDataExtra" visibility="public" complexity="1" crap="1" count="1"/>
        <line num="43" type="stmt" count="1"/>
        <line num="46" type="stmt" count="1"/>
        <line num="47" type="stmt" count="1"/>
        <line num="50" type="stmt" count="1"/>
        <line num="51" type="stmt" count="1"/>
        <line num="52" type="stmt" count="1"/>
        <line num="53" type="stmt" count="1"/>
        <line num="57" type="stmt" count="1"/>
        <line num="60" type="stmt" count="1"/>
        <line num="68" type="stmt" count="1"/>
        <line num="72" type="stmt" count="1"/>
        <line num="74" type="stmt" count="1"/>
        <line num="76" type="method" name="testGetRequestDataSound" visibility="public" complexity="1" crap="1" count="1"/>
        <line num="78" type="stmt" count="1"/>
        <line num="80" type="stmt" count="1"/>
        <line num="81" type="stmt" count="1"/>
        <line num="82" type="stmt" count="1"/>
        <line num="83" type="stmt" count="1"/>
        <line num="84" type="stmt" count="1"/>
        <line num="88" type="stmt" count="1"/>
        <line num="92" type="stmt" count="1"/>
        <line num="96" type="stmt" count="1"/>
        <line num="98" type="stmt" count="1"/>
        <line num="100" type="method" name="testGetRequestDataContentAvailable" visibility="public" complexity="1" crap="1" count="1"/>
        <line num="102" type="stmt" count="1"/>
        <line num="104" type="stmt" count="1"/>
        <line num="105" type="stmt" count="1"/>
        <line num="106" type="stmt" count="1"/>
        <line num="107" type="stmt" count="1"/>
        <line num="116" type="stmt" count="1"/>
        <line num="118" type="method" name="testGetRequestDataChannel" visibility="public" complexity="1" crap="1" count="1"/>
        <line num="120" type="stmt" count="1"/>
        <line num="121" type="stmt" count="1"/>
        <line num="122" type="stmt" count="1"/>
        <line num="123" type="stmt" count="1"/>
        <line num="124" type="stmt" count="1"/>
        <line num="127" type="stmt" count="1"/>
        <line num="129" type="stmt" count="1"/>
        <line num="133" type="stmt" count="1"/>
        <line num="135" type="stmt" count="1"/>
        <line num="137" type="method" name="testGetRequestDataAlias" visibility="public" complexity="1" crap="1" count="1"/>
        <line num="139" type="stmt" count="1"/>
        <line num="140" type="stmt" count="1"/>
        <line num="141" type="stmt" count="1"/>
        <line num="142" type="stmt" count="1"/>
        <line num="143" type="stmt" count="1"/>
        <line num="146" type="stmt" count="1"/>
        <line num="148" type="stmt" count="1"/>
        <line num="152" type="stmt" count="1"/>
        <line num="154" type="stmt" count="1"/>
        <line num="156" type="method" name="testGetRequestDataMessage" visibility="public" complexity="1" crap="1" count="1"/>
        <line num="158" type="stmt" count="1"/>
        <line num="159" type="stmt" count="1"/>
        <line num="160" type="stmt" count="1"/>
        <line num="161" type="stmt" count="1"/>
        <line num="162" type="stmt" count="1"/>
        <line num="163" type="stmt" count="1"/>
        <line num="165" type="stmt" count="1"/>
        <line num="167" type="stmt" count="1"/>
        <line num="169" type="stmt" count="1"/>
        <line num="171" type="method" name="testGetRequestDataEmpty" visibility="public" complexity="1" crap="1" count="1"/>
        <line num="173" type="stmt" count="1"/>
        <line num="174" type="stmt" count="1"/>
        <line num="175" type="stmt" count="1"/>
        <line num="176" type="stmt" count="1"/>
        <line num="182" type="stmt" count="1"/>
        <line num="184" type="method" name="testSendNoMessage" visibility="public" complexity="1" crap="1.02" count="1"/>
        <line num="186" type="stmt" count="1"/>
        <line num="187" type="stmt" count="1"/>
        <line num="188" type="stmt" count="1"/>
        <line num="189" type="stmt" count="0"/>
        <line num="191" type="method" name="testTooLongMessage" visibility="public" complexity="3" crap="3" count="1"/>
        <line num="193" type="stmt" count="1"/>
        <line num="194" type="stmt" count="1"/>
        <line num="196" type="stmt" count="1"/>
        <line num="197" type="stmt" count="1"/>
        <line num="200" type="stmt" count="1"/>
        <line num="201" type="stmt" count="1"/>
        <line num="203" type="stmt" count="1"/>
        <line num="204" type="stmt" count="1"/>
        <line num="206" type="method" name="testAndroidDataSend" visibility="public" complexity="2" crap="2" count="1"/>
        <line num="208" type="stmt" count="1"/>
        <line num="209" type="stmt" count="1"/>
        <line num="210" type="stmt" count="1"/>
        <line num="211" type="stmt" count="1"/>
        <line num="213" type="stmt" count="1"/>
        <line num="214" type="stmt" count="1"/>
        <line num="215" type="stmt" count="1"/>
        <line num="216" type="stmt" count="1"/>
        <line num="217" type="stmt" count="1"/>
        <line num="219" type="stmt" count="1"/>
        <line num="220" type="stmt" count="1"/>
        <line num="221" type="stmt" count="1"/>
        <line num="223" type="method" name="testSend" visibility="public" complexity="2" crap="2" count="1"/>
        <line num="225" type="stmt" count="1"/>
        <line num="226" type="stmt" count="1"/>
        <line num="227" type="stmt" count="1"/>
        <line num="228" type="stmt" count="1"/>
        <line num="229" type="stmt" count="1"/>
        <line num="231" type="method" name="testSetExtraError1" visibility="public" complexity="1" crap="1.02" count="1"/>
        <line num="233" type="stmt" count="1"/>
        <line num="234" type="stmt" count="1"/>
        <line num="235" type="stmt" count="1"/>
        <line num="236" type="stmt" count="0"/>
        <line num="238" type="method" name="testSetExtraError2" visibility="public" complexity="1" crap="1.02" count="1"/>
        <line num="240" type="stmt" count="1"/>
        <line num="242" type="stmt" count="1"/>
        <line num="243" type="stmt" count="1"/>
        <line num="244" type="stmt" count="0"/>
        <line num="246" type="method" name="testSetExtraSuccess" visibility="public" complexity="1" crap="1" count="1"/>
        <line num="248" type="stmt" count="1"/>
        <line num="249" type="stmt" count="1"/>
        <line num="251" type="stmt" count="1"/>
        <line num="252" type="stmt" count="1"/>
        <line num="254" type="method" name="testSetBadgeError1" visibility="public" complexity="1" crap="1.02" count="1"/>
        <line num="256" type="stmt" count="1"/>
        <line num="257" type="stmt" count="1"/>
        <line num="258" type="stmt" count="1"/>
        <line num="259" type="stmt" count="0"/>
        <line num="261" type="method" name="testSetBadgeError2" visibility="public" complexity="1" crap="1.02" count="1"/>
        <line num="263" type="stmt" count="1"/>
        <line num="265" type="stmt" count="1"/>
        <line num="266" type="stmt" count="1"/>
        <line num="267" type="stmt" count="0"/>
        <line num="272" type="method" name="testIOSSetBadgeSuccess" visibility="public" complexity="1" crap="1" count="7"/>
        <line num="274" type="stmt" count="7"/>
        <line num="275" type="stmt" count="7"/>
        <line num="276" type="stmt" count="7"/>
        <line num="277" type="stmt" count="7"/>
        <metrics loc="296" ncloc="290" classes="1" methods="19" coveredmethods="14" conditionals="0" coveredconditionals="0" statements="120" coveredstatements="115" elements="139" coveredelements="129"/>
      </file>
    </package>
    <package name="Nodes\Push\Tests\Facades\Helpers">
      <file name="/var/www/alarmeringsapp/htdocs/vendor/nodes/push/tests/Support/Facades/PushTest.php">
        <class name="PushTest" namespace="Nodes\Push\Tests\Facades\Helpers">
          <metrics complexity="2" methods="2" coveredmethods="2" conditionals="0" coveredconditionals="0" statements="4" coveredstatements="4" elements="6" coveredelements="6"/>
        </class>
        <line num="11" type="method" name="getPackageProviders" visibility="protected" complexity="1" crap="1" count="1"/>
        <line num="14" type="stmt" count="1"/>
        <line num="18" type="method" name="testFacade" visibility="public" complexity="1" crap="1" count="1"/>
        <line num="20" type="stmt" count="1"/>
        <line num="22" type="stmt" count="1"/>
        <line num="23" type="stmt" count="1"/>
        <metrics loc="24" ncloc="24" classes="1" methods="2" coveredmethods="2" conditionals="0" coveredconditionals="0" statements="4" coveredstatements="4" elements="6" coveredelements="6"/>
      </file>
    </package>
    <package name="Nodes\Push\Tests\Support\Helpers">
      <file name="/var/www/alarmeringsapp/htdocs/vendor/nodes/push/tests/Support/Helpers/PushTest.php">
        <class name="PushTest" namespace="Nodes\Push\Tests\Support\Helpers">
          <metrics complexity="2" methods="2" coveredmethods="2" conditionals="0" coveredconditionals="0" statements="4" coveredstatements="4" elements="6" coveredelements="6"/>
        </class>
        <line num="10" type="method" name="getPackageProviders" visibility="protected" complexity="1" crap="1" count="1"/>
        <line num="13" type="stmt" count="1"/>
        <line num="17" type="method" name="testGlobalFunction" visibility="public" complexity="1" crap="1" count="1"/>
        <line num="19" type="stmt" count="1"/>
        <line num="21" type="stmt" count="1"/>
        <line num="22" type="stmt" count="1"/>
        <metrics loc="23" ncloc="23" classes="1" methods="2" coveredmethods="2" conditionals="0" coveredconditionals="0" statements="4" coveredstatements="4" elements="6" coveredelements="6"/>
      </file>
    </package>
    <package name="Nodes\Push\Tests">
      <file name="/var/www/alarmeringsapp/htdocs/vendor/nodes/push/tests/TestCase.php">
        <class name="TestCase" namespace="Nodes\Push\Tests">
          <metrics complexity="5" methods="0" coveredmethods="0" conditionals="0" coveredconditionals="0" statements="0" coveredstatements="0" elements="0" coveredelements="0"/>
        </class>
        <class name="AbstractProviderTester" namespace="Nodes\Push\Tests">
          <metrics complexity="2" methods="0" coveredmethods="0" conditionals="0" coveredconditionals="0" statements="0" coveredstatements="0" elements="0" coveredelements="0"/>
        </class>
        <metrics loc="85" ncloc="73" classes="2" methods="0" coveredmethods="0" conditionals="0" coveredconditionals="0" statements="0" coveredstatements="0" elements="0" coveredelements="0"/>
      </file>
    </package>
    <metrics files="5" loc="758" ncloc="734" classes="6" methods="54" coveredmethods="31" conditionals="0" coveredconditionals="0" statements="264" coveredstatements="241" elements="318" coveredelements="272"/>
  </project>
</coverage>
