<?xml version="1.0" encoding="UTF-8"?>
<coverage generated="1468320288">
  <project timestamp="1468320288">
    <package name="Nodes\Push\Tests\Providers">
      <file name="/var/www/alarmeringsapp/htdocs/vendor/nodes/push/tests/Providers/AbstractProviderTest.php">
        <class name="AbstractProviderTest" namespace="Nodes\Push\Tests\Providers">
          <metrics complexity="32" methods="31" coveredmethods="13" conditionals="0" coveredconditionals="0" statements="138" coveredstatements="118" elements="169" coveredelements="131"/>
        </class>
        <line num="14" type="method" name="getPackageProviders" visibility="protected" complexity="1" crap="1" count="32"/>
        <line num="17" type="stmt" count="32"/>
        <line num="21" type="method" name="testSetAliasError" visibility="public" complexity="1" crap="1.02" count="1"/>
        <line num="23" type="stmt" count="1"/>
        <line num="24" type="stmt" count="1"/>
        <line num="25" type="stmt" count="1"/>
        <line num="26" type="stmt" count="0"/>
        <line num="28" type="method" name="testSetAliasSuccess" visibility="public" complexity="1" crap="1" count="1"/>
        <line num="30" type="stmt" count="1"/>
        <line num="31" type="stmt" count="1"/>
        <line num="33" type="stmt" count="1"/>
        <line num="34" type="stmt" count="1"/>
        <line num="35" type="stmt" count="1"/>
        <line num="37" type="method" name="testSetAliasesFail" visibility="public" complexity="1" crap="1.02" count="1"/>
        <line num="39" type="stmt" count="1"/>
        <line num="40" type="stmt" count="1"/>
        <line num="41" type="stmt" count="1"/>
        <line num="42" type="stmt" count="0"/>
        <line num="44" type="method" name="testSetAliasesSuccess" visibility="public" complexity="1" crap="1" count="1"/>
        <line num="46" type="stmt" count="1"/>
        <line num="47" type="stmt" count="1"/>
        <line num="49" type="stmt" count="1"/>
        <line num="50" type="stmt" count="1"/>
        <line num="51" type="stmt" count="1"/>
        <line num="52" type="stmt" count="1"/>
        <line num="53" type="stmt" count="1"/>
        <line num="55" type="method" name="testIosContentAvailableError" visibility="public" complexity="1" crap="1.02" count="1"/>
        <line num="57" type="stmt" count="1"/>
        <line num="58" type="stmt" count="1"/>
        <line num="59" type="stmt" count="1"/>
        <line num="60" type="stmt" count="0"/>
        <line num="62" type="method" name="testIosContentAvailableSuccess" visibility="public" complexity="1" crap="1" count="1"/>
        <line num="64" type="stmt" count="1"/>
        <line num="65" type="stmt" count="1"/>
        <line num="67" type="stmt" count="1"/>
        <line num="69" type="stmt" count="1"/>
        <line num="70" type="stmt" count="1"/>
        <line num="71" type="stmt" count="1"/>
        <line num="73" type="method" name="testSetSoundError" visibility="public" complexity="1" crap="1.02" count="1"/>
        <line num="75" type="stmt" count="1"/>
        <line num="76" type="stmt" count="1"/>
        <line num="77" type="stmt" count="1"/>
        <line num="78" type="stmt" count="0"/>
        <line num="80" type="method" name="testRemoveSoundSuccess" visibility="public" complexity="1" crap="1" count="1"/>
        <line num="82" type="stmt" count="1"/>
        <line num="83" type="stmt" count="1"/>
        <line num="85" type="stmt" count="1"/>
        <line num="87" type="stmt" count="1"/>
        <line num="88" type="stmt" count="1"/>
        <line num="89" type="stmt" count="1"/>
        <line num="91" type="method" name="testSetSoundSuccess" visibility="public" complexity="1" crap="1" count="1"/>
        <line num="93" type="stmt" count="1"/>
        <line num="94" type="stmt" count="1"/>
        <line num="96" type="stmt" count="1"/>
        <line num="97" type="stmt" count="1"/>
        <line num="99" type="method" name="testSetIOSBadgeError" visibility="public" complexity="1" crap="1.12" count="1"/>
        <line num="101" type="stmt" count="1"/>
        <line num="102" type="stmt" count="1"/>
        <line num="103" type="stmt" count="1"/>
        <line num="105" type="stmt" count="0"/>
        <line num="106" type="stmt" count="0"/>
        <line num="107" type="stmt" count="0"/>
        <line num="109" type="method" name="testSetIOSBadgeError2" visibility="public" complexity="1" crap="1.02" count="1"/>
        <line num="111" type="stmt" count="1"/>
        <line num="113" type="stmt" count="1"/>
        <line num="114" type="stmt" count="1"/>
        <line num="115" type="stmt" count="0"/>
        <line num="120" type="method" name="testSetIOSBadgeSuccess" visibility="public" complexity="1" crap="1" count="3"/>
        <line num="122" type="stmt" count="3"/>
        <line num="123" type="stmt" count="3"/>
        <line num="124" type="stmt" count="3"/>
        <line num="125" type="stmt" count="3"/>
        <line num="139" type="method" name="testSetExtraErrorObject" visibility="public" complexity="1" crap="1.01" count="1"/>
        <line num="141" type="stmt" count="1"/>
        <line num="142" type="stmt" count="1"/>
        <line num="145" type="stmt" count="1"/>
        <line num="149" type="stmt" count="1"/>
        <line num="150" type="stmt" count="0"/>
        <line num="152" type="method" name="testSetExtraErrorArray" visibility="public" complexity="1" crap="1.01" count="1"/>
        <line num="154" type="stmt" count="1"/>
        <line num="155" type="stmt" count="1"/>
        <line num="159" type="stmt" count="1"/>
        <line num="162" type="stmt" count="1"/>
        <line num="163" type="stmt" count="0"/>
        <line num="165" type="method" name="testSetExtra" visibility="public" complexity="1" crap="1" count="1"/>
        <line num="168" type="stmt" count="1"/>
        <line num="171" type="stmt" count="1"/>
        <line num="172" type="stmt" count="1"/>
        <line num="174" type="stmt" count="1"/>
        <line num="175" type="stmt" count="1"/>
        <line num="177" type="method" name="testSetMessageError" visibility="public" complexity="1" crap="1.02" count="1"/>
        <line num="179" type="stmt" count="1"/>
        <line num="180" type="stmt" count="1"/>
        <line num="181" type="stmt" count="1"/>
        <line num="182" type="stmt" count="0"/>
        <line num="184" type="method" name="testSetMessageSuccess" visibility="public" complexity="1" crap="1" count="1"/>
        <line num="186" type="stmt" count="1"/>
        <line num="187" type="stmt" count="1"/>
        <line num="189" type="stmt" count="1"/>
        <line num="190" type="stmt" count="1"/>
        <line num="192" type="method" name="testSetChannelError" visibility="public" complexity="1" crap="1.02" count="1"/>
        <line num="194" type="stmt" count="1"/>
        <line num="195" type="stmt" count="1"/>
        <line num="196" type="stmt" count="1"/>
        <line num="197" type="stmt" count="0"/>
        <line num="199" type="method" name="testSetChannelSuccess" visibility="public" complexity="1" crap="1" count="1"/>
        <line num="201" type="stmt" count="1"/>
        <line num="202" type="stmt" count="1"/>
        <line num="204" type="stmt" count="1"/>
        <line num="205" type="stmt" count="1"/>
        <line num="206" type="stmt" count="1"/>
        <line num="208" type="method" name="testSetChannelsFail" visibility="public" complexity="1" crap="1.02" count="1"/>
        <line num="210" type="stmt" count="1"/>
        <line num="211" type="stmt" count="1"/>
        <line num="212" type="stmt" count="1"/>
        <line num="213" type="stmt" count="0"/>
        <line num="215" type="method" name="testSetChannelsSuccess" visibility="public" complexity="1" crap="1" count="1"/>
        <line num="217" type="stmt" count="1"/>
        <line num="218" type="stmt" count="1"/>
        <line num="220" type="stmt" count="1"/>
        <line num="221" type="stmt" count="1"/>
        <line num="222" type="stmt" count="1"/>
        <line num="223" type="stmt" count="1"/>
        <line num="224" type="stmt" count="1"/>
        <line num="226" type="method" name="testSetApplicationError" visibility="public" complexity="1" crap="1.02" count="1"/>
        <line num="228" type="stmt" count="1"/>
        <line num="229" type="stmt" count="1"/>
        <line num="230" type="stmt" count="1"/>
        <line num="231" type="stmt" count="0"/>
        <line num="233" type="method" name="testSetApplicationSuccess" visibility="public" complexity="1" crap="1" count="1"/>
        <line num="235" type="stmt" count="1"/>
        <line num="236" type="stmt" count="1"/>
        <line num="237" type="stmt" count="1"/>
        <line num="238" type="stmt" count="1"/>
        <line num="239" type="stmt" count="1"/>
        <line num="241" type="method" name="testInitProvideDefaultAppGroupDoesNotExist" visibility="public" complexity="1" crap="1.02" count="1"/>
        <line num="243" type="stmt" count="1"/>
        <line num="244" type="stmt" count="1"/>
        <line num="245" type="stmt" count="1"/>
        <line num="256" type="stmt" count="0"/>
        <line num="258" type="method" name="testInitProvideAppGroupIsNotAnArray" visibility="public" complexity="1" crap="1.02" count="1"/>
        <line num="260" type="stmt" count="1"/>
        <line num="261" type="stmt" count="1"/>
        <line num="262" type="stmt" count="1"/>
        <line num="265" type="stmt" count="0"/>
        <line num="267" type="method" name="testInitProvideEmptyAppGroup" visibility="public" complexity="1" crap="1.02" count="1"/>
        <line num="269" type="stmt" count="1"/>
        <line num="270" type="stmt" count="1"/>
        <line num="271" type="stmt" count="1"/>
        <line num="273" type="stmt" count="0"/>
        <line num="275" type="method" name="testInitProviderSuccess" visibility="public" complexity="1" crap="1" count="1"/>
        <line num="277" type="stmt" count="1"/>
        <line num="278" type="stmt" count="1"/>
        <line num="279" type="stmt" count="1"/>
        <line num="281" type="method" name="testInitProvideNullDefaultAppGroup" visibility="public" complexity="1" crap="1.02" count="1"/>
        <line num="283" type="stmt" count="1"/>
        <line num="284" type="stmt" count="1"/>
        <line num="285" type="stmt" count="1"/>
        <line num="296" type="stmt" count="0"/>
        <line num="298" type="method" name="testInitProvideEmptyDefaultAppGroup" visibility="public" complexity="1" crap="1.02" count="1"/>
        <line num="300" type="stmt" count="1"/>
        <line num="301" type="stmt" count="1"/>
        <line num="310" type="stmt" count="1"/>
        <line num="312" type="stmt" count="0"/>
        <line num="314" type="method" name="testInitProvideDefaultAppGroupIsNotAString" visibility="public" complexity="1" crap="1.02" count="1"/>
        <line num="316" type="stmt" count="1"/>
        <line num="317" type="stmt" count="1"/>
        <line num="320" type="stmt" count="1"/>
        <line num="331" type="stmt" count="0"/>
        <metrics loc="333" ncloc="327" classes="1" methods="31" coveredmethods="13" conditionals="0" coveredconditionals="0" statements="138" coveredstatements="118" elements="169" coveredelements="131"/>
      </file>
      <file name="/var/www/alarmeringsapp/htdocs/vendor/nodes/push/tests/Providers/UrbanAirshipV3Test.php">
        <class name="UrbanAirshipV3Test" namespace="Nodes\Push\Tests\Providers">
          <metrics complexity="21" methods="17" coveredmethods="13" conditionals="0" coveredconditionals="0" statements="113" coveredstatements="107" elements="130" coveredelements="120"/>
        </class>
        <line num="16" type="method" name="getPackageProviders" visibility="protected" complexity="1" crap="1" count="21"/>
        <line num="19" type="stmt" count="21"/>
        <line num="23" type="method" name="testGetRequestDataIOSBadge" visibility="public" complexity="1" crap="1" count="1"/>
        <line num="25" type="stmt" count="1"/>
        <line num="27" type="stmt" count="1"/>
        <line num="28" type="stmt" count="1"/>
        <line num="29" type="stmt" count="1"/>
        <line num="30" type="stmt" count="1"/>
        <line num="39" type="stmt" count="1"/>
        <line num="41" type="method" name="testGetRequestDataExtra" visibility="public" complexity="1" crap="1" count="1"/>
        <line num="43" type="stmt" count="1"/>
        <line num="46" type="stmt" count="1"/>
        <line num="47" type="stmt" count="1"/>
        <line num="50" type="stmt" count="1"/>
        <line num="51" type="stmt" count="1"/>
        <line num="52" type="stmt" count="1"/>
        <line num="53" type="stmt" count="1"/>
        <line num="57" type="stmt" count="1"/>
        <line num="60" type="stmt" count="1"/>
        <line num="68" type="stmt" count="1"/>
        <line num="72" type="stmt" count="1"/>
        <line num="74" type="stmt" count="1"/>
        <line num="76" type="method" name="testGetRequestDataSound" visibility="public" complexity="1" crap="1" count="1"/>
        <line num="78" type="stmt" count="1"/>
        <line num="80" type="stmt" count="1"/>
        <line num="81" type="stmt" count="1"/>
        <line num="82" type="stmt" count="1"/>
        <line num="83" type="stmt" count="1"/>
        <line num="84" type="stmt" count="1"/>
        <line num="88" type="stmt" count="1"/>
        <line num="92" type="stmt" count="1"/>
        <line num="96" type="stmt" count="1"/>
        <line num="98" type="stmt" count="1"/>
        <line num="100" type="method" name="testGetRequestDataContentAvailable" visibility="public" complexity="1" crap="1" count="1"/>
        <line num="102" type="stmt" count="1"/>
        <line num="104" type="stmt" count="1"/>
        <line num="105" type="stmt" count="1"/>
        <line num="106" type="stmt" count="1"/>
        <line num="107" type="stmt" count="1"/>
        <line num="116" type="stmt" count="1"/>
        <line num="118" type="method" name="testGetRequestDataChannel" visibility="public" complexity="1" crap="1" count="1"/>
        <line num="120" type="stmt" count="1"/>
        <line num="121" type="stmt" count="1"/>
        <line num="122" type="stmt" count="1"/>
        <line num="123" type="stmt" count="1"/>
        <line num="124" type="stmt" count="1"/>
        <line num="127" type="stmt" count="1"/>
        <line num="129" type="stmt" count="1"/>
        <line num="133" type="stmt" count="1"/>
        <line num="135" type="stmt" count="1"/>
        <line num="137" type="method" name="testGetRequestDataAlias" visibility="public" complexity="1" crap="1" count="1"/>
        <line num="139" type="stmt" count="1"/>
        <line num="140" type="stmt" count="1"/>
        <line num="141" type="stmt" count="1"/>
        <line num="142" type="stmt" count="1"/>
        <line num="143" type="stmt" count="1"/>
        <line num="146" type="stmt" count="1"/>
        <line num="148" type="stmt" count="1"/>
        <line num="152" type="stmt" count="1"/>
        <line num="154" type="stmt" count="1"/>
        <line num="156" type="method" name="testGetRequestDataMessage" visibility="public" complexity="1" crap="1" count="1"/>
        <line num="158" type="stmt" count="1"/>
        <line num="159" type="stmt" count="1"/>
        <line num="160" type="stmt" count="1"/>
        <line num="161" type="stmt" count="1"/>
        <line num="162" type="stmt" count="1"/>
        <line num="163" type="stmt" count="1"/>
        <line num="165" type="stmt" count="1"/>
        <line num="167" type="stmt" count="1"/>
        <line num="169" type="stmt" count="1"/>
        <line num="171" type="method" name="testGetRequestDataEmpty" visibility="public" complexity="1" crap="1" count="1"/>
        <line num="173" type="stmt" count="1"/>
        <line num="174" type="stmt" count="1"/>
        <line num="175" type="stmt" count="1"/>
        <line num="176" type="stmt" count="1"/>
        <line num="182" type="stmt" count="1"/>
        <line num="184" type="method" name="testSendNoMessage" visibility="public" complexity="1" crap="1.02" count="1"/>
        <line num="186" type="stmt" count="1"/>
        <line num="187" type="stmt" count="1"/>
        <line num="188" type="stmt" count="1"/>
        <line num="189" type="stmt" count="0"/>
        <line num="191" type="method" name="testTooLongMessage" visibility="public" complexity="3" crap="3" count="1"/>
        <line num="193" type="stmt" count="1"/>
        <line num="194" type="stmt" count="1"/>
        <line num="196" type="stmt" count="1"/>
        <line num="197" type="stmt" count="1"/>
        <line num="200" type="stmt" count="1"/>
        <line num="201" type="stmt" count="1"/>
        <line num="203" type="stmt" count="1"/>
        <line num="204" type="stmt" count="1"/>
        <line num="206" type="method" name="testAndroidDataSend" visibility="public" complexity="2" crap="2" count="1"/>
        <line num="208" type="stmt" count="1"/>
        <line num="209" type="stmt" count="1"/>
        <line num="210" type="stmt" count="1"/>
        <line num="211" type="stmt" count="1"/>
        <line num="213" type="stmt" count="1"/>
        <line num="214" type="stmt" count="1"/>
        <line num="215" type="stmt" count="1"/>
        <line num="216" type="stmt" count="1"/>
        <line num="217" type="stmt" count="1"/>
        <line num="219" type="stmt" count="1"/>
        <line num="220" type="stmt" count="1"/>
        <line num="221" type="stmt" count="1"/>
        <line num="223" type="method" name="testSend" visibility="public" complexity="2" crap="2" count="1"/>
        <line num="225" type="stmt" count="1"/>
        <line num="226" type="stmt" count="1"/>
        <line num="227" type="stmt" count="1"/>
        <line num="228" type="stmt" count="1"/>
        <line num="229" type="stmt" count="1"/>
        <line num="231" type="method" name="testSetExtraError" visibility="public" complexity="1" crap="1.00" count="1"/>
        <line num="233" type="stmt" count="1"/>
        <line num="234" type="stmt" count="1"/>
        <line num="235" type="stmt" count="1"/>
        <line num="237" type="stmt" count="1"/>
        <line num="238" type="stmt" count="1"/>
        <line num="239" type="stmt" count="0"/>
        <line num="241" type="method" name="testSetBadgeError" visibility="public" complexity="1" crap="1.12" count="1"/>
        <line num="243" type="stmt" count="1"/>
        <line num="244" type="stmt" count="1"/>
        <line num="245" type="stmt" count="1"/>
        <line num="247" type="stmt" count="0"/>
        <line num="248" type="stmt" count="0"/>
        <line num="249" type="stmt" count="0"/>
        <line num="254" type="method" name="testIOSSetBadgeSuccess" visibility="public" complexity="1" crap="1" count="7"/>
        <line num="256" type="stmt" count="7"/>
        <line num="257" type="stmt" count="7"/>
        <line num="258" type="stmt" count="7"/>
        <line num="259" type="stmt" count="7"/>
        <line num="261" type="method" name="setIOSBadgeSuccessProviderSuccess" visibility="public" complexity="1" crap="2" count="0"/>
        <line num="264" type="stmt" count="0"/>
        <metrics loc="275" ncloc="272" classes="1" methods="17" coveredmethods="13" conditionals="0" coveredconditionals="0" statements="113" coveredstatements="107" elements="130" coveredelements="120"/>
      </file>
    </package>
    <package name="Nodes\Push\Tests\Facades\Helpers">
      <file name="/var/www/alarmeringsapp/htdocs/vendor/nodes/push/tests/Support/Facades/PushTest.php">
        <class name="PushTest" namespace="Nodes\Push\Tests\Facades\Helpers">
          <metrics complexity="2" methods="2" coveredmethods="2" conditionals="0" coveredconditionals="0" statements="4" coveredstatements="4" elements="6" coveredelements="6"/>
        </class>
        <line num="11" type="method" name="getPackageProviders" visibility="protected" complexity="1" crap="1" count="1"/>
        <line num="14" type="stmt" count="1"/>
        <line num="18" type="method" name="testFacade" visibility="public" complexity="1" crap="1" count="1"/>
        <line num="20" type="stmt" count="1"/>
        <line num="22" type="stmt" count="1"/>
        <line num="23" type="stmt" count="1"/>
        <metrics loc="24" ncloc="24" classes="1" methods="2" coveredmethods="2" conditionals="0" coveredconditionals="0" statements="4" coveredstatements="4" elements="6" coveredelements="6"/>
      </file>
    </package>
    <package name="Nodes\Push\Tests\Support\Helpers">
      <file name="/var/www/alarmeringsapp/htdocs/vendor/nodes/push/tests/Support/Helpers/PushTest.php">
        <class name="PushTest" namespace="Nodes\Push\Tests\Support\Helpers">
          <metrics complexity="2" methods="2" coveredmethods="2" conditionals="0" coveredconditionals="0" statements="4" coveredstatements="4" elements="6" coveredelements="6"/>
        </class>
        <line num="10" type="method" name="getPackageProviders" visibility="protected" complexity="1" crap="1" count="1"/>
        <line num="13" type="stmt" count="1"/>
        <line num="17" type="method" name="testGlobalFunction" visibility="public" complexity="1" crap="1" count="1"/>
        <line num="19" type="stmt" count="1"/>
        <line num="21" type="stmt" count="1"/>
        <line num="22" type="stmt" count="1"/>
        <metrics loc="23" ncloc="23" classes="1" methods="2" coveredmethods="2" conditionals="0" coveredconditionals="0" statements="4" coveredstatements="4" elements="6" coveredelements="6"/>
      </file>
    </package>
    <package name="Nodes\Push\Tests">
      <file name="/var/www/alarmeringsapp/htdocs/vendor/nodes/push/tests/TestCase.php">
        <class name="TestCase" namespace="Nodes\Push\Tests">
          <metrics complexity="5" methods="0" coveredmethods="0" conditionals="0" coveredconditionals="0" statements="0" coveredstatements="0" elements="0" coveredelements="0"/>
        </class>
        <class name="AbstractProviderTester" namespace="Nodes\Push\Tests">
          <metrics complexity="2" methods="0" coveredmethods="0" conditionals="0" coveredconditionals="0" statements="0" coveredstatements="0" elements="0" coveredelements="0"/>
        </class>
        <metrics loc="85" ncloc="73" classes="2" methods="0" coveredmethods="0" conditionals="0" coveredconditionals="0" statements="0" coveredstatements="0" elements="0" coveredelements="0"/>
      </file>
    </package>
    <metrics files="5" loc="740" ncloc="719" classes="6" methods="52" coveredmethods="30" conditionals="0" coveredconditionals="0" statements="259" coveredstatements="233" elements="311" coveredelements="263"/>
  </project>
</coverage>
